2019-09-02 12:07:14,925 - root - INFO - ********TEST START********
2019-09-02 12:07:14,944 - root - INFO - test end
2019-09-02 12:07:21,309 - root - INFO - ********TEST START********
2019-09-02 12:07:21,322 - root - INFO - test end
2019-09-02 12:08:34,419 - root - INFO - ********TEST START********
2019-09-02 12:08:34,437 - root - INFO - test end
2019-09-02 12:08:36,319 - root - INFO - ********TEST START********
2019-09-02 12:08:36,333 - root - INFO - test end
2019-09-02 12:08:48,927 - root - INFO - ********TEST START********
2019-09-02 12:08:48,941 - root - INFO - test end
2019-09-02 12:09:06,156 - root - INFO - ********TEST START********
2019-09-02 12:09:06,173 - root - INFO - test end
2019-09-02 12:09:30,577 - root - INFO - ********TEST START********
2019-09-02 12:09:30,591 - root - INFO - test end
2019-09-02 12:09:52,329 - root - INFO - ********TEST START********
2019-09-02 12:09:52,332 - root - INFO - test end
2019-09-02 12:10:37,126 - root - INFO - ********TEST START********
2019-09-02 12:10:37,129 - root - INFO - test end
2019-09-02 12:12:30,467 - root - INFO - ********TEST START********
2019-09-02 12:12:30,482 - root - INFO - test end
2019-09-02 12:12:55,379 - root - INFO - ********TEST START********
2019-09-02 12:12:55,400 - root - INFO - test end
2019-09-02 12:14:47,098 - root - INFO - ********TEST START********
2019-09-02 12:14:47,109 - root - INFO - test end
2019-09-02 12:15:03,920 - root - INFO - ********TEST START********
2019-09-02 12:15:03,935 - root - INFO - test end
2019-09-02 12:15:56,830 - root - INFO - ********TEST START********
2019-09-02 12:15:56,833 - root - INFO - test end
2019-09-02 12:17:26,140 - root - INFO - ********TEST START********
2019-09-02 12:17:26,157 - root - INFO - test end
2019-09-02 12:17:56,999 - root - INFO - ********TEST START********
2019-09-02 12:17:57,021 - root - INFO - test end
2019-09-02 12:18:16,659 - root - INFO - ********TEST START********
2019-09-02 12:18:16,675 - root - INFO - test end
2019-09-02 12:18:41,808 - root - INFO - ********TEST START********
2019-09-02 12:18:41,820 - root - INFO - test end
2019-09-02 12:18:53,224 - root - INFO - ********TEST START********
2019-09-02 12:18:53,241 - root - INFO - test end
2019-09-02 12:19:05,559 - root - INFO - ********TEST START********
2019-09-02 12:19:05,574 - root - INFO - test end
2019-09-02 12:19:12,654 - root - INFO - ********TEST START********
2019-09-02 12:19:12,657 - root - INFO - test end
2019-09-02 12:19:23,134 - root - INFO - ********TEST START********
2019-09-02 12:19:23,151 - root - INFO - test end
2019-09-02 12:19:32,829 - root - INFO - ********TEST START********
2019-09-02 12:19:32,843 - root - INFO - test end
2019-09-02 12:19:40,448 - root - INFO - ********TEST START********
2019-09-02 12:19:40,462 - root - INFO - test end
2019-09-02 12:19:46,370 - root - INFO - ********TEST START********
2019-09-02 12:19:46,386 - root - INFO - test end
2019-09-02 12:19:54,736 - root - INFO - ********TEST START********
2019-09-02 12:19:54,737 - root - INFO - test end
2019-09-02 12:20:22,407 - root - INFO - ********TEST START********
2019-09-02 12:20:22,419 - root - INFO - test end
2019-09-02 12:20:28,935 - root - INFO - ********TEST START********
2019-09-02 12:20:28,950 - root - INFO - test end
2019-09-02 12:20:38,806 - root - INFO - ********TEST START********
2019-09-02 12:20:38,833 - root - INFO - test end
2019-09-02 12:20:48,810 - root - INFO - ********TEST START********
2019-09-02 12:20:48,824 - root - INFO - test end
2019-09-02 12:20:53,656 - root - INFO - ********TEST START********
2019-09-02 12:20:53,658 - root - INFO - test end
2019-09-02 12:21:27,482 - root - INFO - ********TEST START********
2019-09-02 12:21:27,484 - root - INFO - test end
2019-09-02 12:21:35,427 - root - INFO - ********TEST START********
2019-09-02 12:21:35,441 - root - INFO - test end
2019-09-02 12:21:43,028 - root - INFO - ********TEST START********
2019-09-02 12:21:43,032 - root - INFO - test end
2019-09-02 12:21:53,988 - root - INFO - ********TEST START********
2019-09-02 12:21:53,991 - root - INFO - test end
2019-09-02 12:22:26,252 - root - INFO - ********TEST START********
2019-09-02 12:22:26,270 - root - INFO - test end
2019-09-02 12:22:51,541 - root - INFO - ********TEST START********
2019-09-02 12:22:51,552 - root - INFO - test end
2019-09-02 12:23:10,648 - root - INFO - ********TEST START********
2019-09-02 12:23:10,676 - root - INFO - test end
2019-09-02 12:24:30,995 - root - INFO - ********TEST START********
2019-09-02 12:24:30,997 - root - INFO - test end
2019-09-02 12:24:48,491 - root - INFO - ********TEST START********
2019-09-02 12:24:48,505 - root - INFO - test end
2019-09-02 12:25:34,045 - root - INFO - ********TEST START********
2019-09-02 12:25:34,050 - root - INFO - test end
2019-09-02 12:25:48,210 - root - INFO - ********TEST START********
2019-09-02 12:25:48,213 - root - INFO - test end
2019-09-02 12:26:42,600 - root - INFO - ********TEST START********
2019-09-02 12:26:42,603 - root - INFO - test end
2019-09-02 12:30:04,378 - root - INFO - ********TEST START********
2019-09-02 12:30:04,383 - root - INFO - test end
2019-09-02 12:31:05,312 - root - INFO - ********TEST START********
2019-09-02 12:31:05,327 - root - INFO - test end
2019-09-02 12:31:43,901 - root - INFO - ********TEST START********
2019-09-02 12:31:43,914 - root - INFO - test end
2019-09-02 12:33:12,236 - root - INFO - ********TEST START********
2019-09-02 12:33:12,250 - root - INFO - test end
2019-09-02 12:35:05,002 - root - INFO - ********TEST START********
2019-09-02 12:35:05,003 - root - INFO - login
2019-09-02 12:35:05,004 - root - INFO - login_PasswordError
2019-09-02 12:35:05,004 - root - INFO - login_EmailError
2019-09-02 12:35:05,005 - root - INFO - login_EmailNull
2019-09-02 12:35:05,005 - root - INFO - login_PasswordNull
2019-09-02 12:35:05,006 - root - INFO - login_TokenNull
2019-09-02 12:35:05,009 - root - INFO - test end
2019-09-02 12:35:42,474 - root - INFO - ********TEST START********
2019-09-02 12:35:42,475 - root - INFO - login
2019-09-02 12:35:42,476 - root - INFO - login_PasswordError
2019-09-02 12:35:42,477 - root - INFO - login_EmailError
2019-09-02 12:35:42,479 - root - INFO - login_EmailNull
2019-09-02 12:35:42,479 - root - INFO - login_PasswordNull
2019-09-02 12:35:42,481 - root - INFO - login_TokenNull
2019-09-02 12:35:42,483 - root - INFO - test end
2019-09-02 12:36:25,485 - root - INFO - ********TEST START********
2019-09-02 12:36:25,486 - root - INFO - login
2019-09-02 12:36:25,487 - root - INFO - login_PasswordError
2019-09-02 12:36:25,489 - root - INFO - login_EmailError
2019-09-02 12:36:25,490 - root - INFO - login_EmailNull
2019-09-02 12:36:25,491 - root - INFO - login_PasswordNull
2019-09-02 12:36:25,492 - root - INFO - login_TokenNull
2019-09-02 12:36:25,494 - root - INFO - test end
