2019-09-03 02:12:59,578 - root - INFO - ********TEST START********
2019-09-03 02:12:59,593 - root - INFO - test end
2019-09-03 02:14:43,778 - root - INFO - ********TEST START********
2019-09-03 02:14:43,779 - root - INFO - login
2019-09-03 02:14:43,780 - root - INFO - login_PasswordError
2019-09-03 02:14:43,780 - root - INFO - login_EmailError
2019-09-03 02:14:43,781 - root - INFO - login_EmailNull
2019-09-03 02:14:43,782 - root - INFO - login_PasswordNull
2019-09-03 02:14:43,782 - root - INFO - login_TokenNull
2019-09-03 02:14:43,784 - root - INFO - test end
2019-09-03 02:36:08,837 - root - INFO - ********TEST START********
2019-09-03 02:36:08,838 - root - INFO - testOne
2019-09-03 02:36:08,840 - root - INFO - test end
2019-09-03 02:36:24,520 - root - INFO - ********TEST START********
2019-09-03 02:36:24,521 - root - INFO - testOne
2019-09-03 02:36:24,546 - root - INFO - test end
2019-09-03 02:48:18,975 - root - INFO - ********TEST START********
2019-09-03 02:48:18,976 - root - INFO - testOne
2019-09-03 02:48:18,977 - root - INFO - test end
2019-09-03 02:48:43,111 - root - INFO - ********TEST START********
2019-09-03 02:48:43,137 - root - INFO - test end
2019-09-03 02:49:50,987 - root - INFO - ********TEST START********
2019-09-03 02:49:51,000 - root - INFO - test end
2019-09-03 02:52:18,435 - root - INFO - ********TEST START********
2019-09-03 02:52:18,436 - root - INFO - testOne
2019-09-03 02:52:18,436 - root - INFO - testOne
2019-09-03 02:52:18,438 - root - INFO - test end
2019-09-03 02:53:49,932 - root - INFO - ********TEST START********
2019-09-03 02:53:49,942 - root - INFO - testOne
2019-09-03 02:53:49,942 - root - INFO - testOne
2019-09-03 02:53:49,944 - root - INFO - test end
2019-09-03 02:54:33,928 - root - INFO - ********TEST START********
2019-09-03 02:54:33,937 - root - INFO - testOne
2019-09-03 02:54:33,938 - root - INFO - testOne
2019-09-03 02:54:33,940 - root - INFO - test end
2019-09-03 02:55:37,010 - root - INFO - ********TEST START********
2019-09-03 02:55:37,011 - root - INFO - testOne
2019-09-03 02:55:37,013 - root - INFO - testOne
2019-09-03 02:55:37,014 - root - INFO - test end
2019-09-03 02:56:07,618 - root - INFO - ********TEST START********
2019-09-03 02:56:07,620 - root - INFO - testOne
2019-09-03 02:56:07,621 - root - INFO - testOne
2019-09-03 02:56:07,622 - root - INFO - test end
2019-09-03 02:57:06,805 - root - INFO - ********TEST START********
2019-09-03 02:57:06,806 - root - INFO - testOne
2019-09-03 02:57:06,807 - root - INFO - testOne
2019-09-03 02:57:06,808 - root - INFO - test end
2019-09-03 02:57:40,085 - root - INFO - ********TEST START********
2019-09-03 02:57:40,086 - root - INFO - testOne
2019-09-03 02:57:40,087 - root - INFO - testOne
2019-09-03 02:57:40,091 - root - INFO - test end
2019-09-03 02:58:35,122 - root - INFO - ********TEST START********
2019-09-03 02:58:35,135 - root - INFO - test end
2019-09-03 02:59:58,166 - root - INFO - ********TEST START********
2019-09-03 02:59:58,182 - root - INFO - test end
2019-09-03 03:02:09,476 - root - INFO - ********TEST START********
2019-09-03 03:02:09,493 - root - INFO - test end
2019-09-03 03:03:59,286 - root - INFO - ********TEST START********
2019-09-03 03:03:59,296 - root - INFO - test end
2019-09-03 03:04:18,830 - root - INFO - ********TEST START********
2019-09-03 03:04:18,841 - root - INFO - test end
